<?xml version="1.0" encoding="UTF-8" ?>
<testsuite tests="24" failures="0" name="runnerTest.RunnerTest" time="8.652" errors="0" skipped="0">
  <properties>
    <property name="java.runtime.name" value="OpenJDK Runtime Environment"/>
    <property name="java.vm.version" value="14.0.1+14"/>
    <property name="sun.boot.library.path" value="/usr/local/Cellar/openjdk/14.0.1/libexec/openjdk.jdk/Contents/Home/lib"/>
    <property name="maven.multiModuleProjectDirectory" value="/Users/dilhumarablet/IdeaProjects/CucumberBDD_C4"/>
    <property name="java.vm.vendor" value="Oracle Corporation"/>
    <property name="java.vendor.url" value="https://openjdk.java.net/"/>
    <property name="guice.disable.misplaced.annotation.check" value="true"/>
    <property name="path.separator" value=":"/>
    <property name="java.vm.name" value="OpenJDK 64-Bit Server VM"/>
    <property name="user.country" value="US"/>
    <property name="sun.java.launcher" value="SUN_STANDARD"/>
    <property name="java.vm.specification.name" value="Java Virtual Machine Specification"/>
    <property name="user.dir" value="/Users/dilhumarablet/IdeaProjects/CucumberBDD_C4"/>
    <property name="java.vm.compressedOopsMode" value="Zero based"/>
    <property name="java.runtime.version" value="14.0.1+14"/>
    <property name="os.arch" value="x86_64"/>
    <property name="java.io.tmpdir" value="/var/folders/_t/63s2l2pn5ts43rmk61hv_s500000gn/T/"/>
    <property name="line.separator" value="
"/>
    <property name="java.vm.specification.vendor" value="Oracle Corporation"/>
    <property name="os.name" value="Mac OS X"/>
    <property name="classworlds.conf" value="/usr/local/Cellar/maven/3.6.3_1/libexec/bin/m2.conf"/>
    <property name="sun.jnu.encoding" value="UTF-8"/>
    <property name="java.library.path" value="/Users/dilhumarablet/Library/Java/Extensions:/Library/Java/Extensions:/Network/Library/Java/Extensions:/System/Library/Java/Extensions:/usr/lib/java:."/>
    <property name="maven.conf" value="/usr/local/Cellar/maven/3.6.3_1/libexec/conf"/>
    <property name="jdk.debug" value="release"/>
    <property name="java.class.version" value="58.0"/>
    <property name="java.specification.name" value="Java Platform API Specification"/>
    <property name="sun.management.compiler" value="HotSpot 64-Bit Tiered Compilers"/>
    <property name="os.version" value="10.15.6"/>
    <property name="library.jansi.path" value="/usr/local/Cellar/maven/3.6.3_1/libexec/lib/jansi-native"/>
    <property name="http.nonProxyHosts" value="local|*.local|169.254/16|*.169.254/16"/>
    <property name="user.home" value="/Users/dilhumarablet"/>
    <property name="user.timezone" value="America/New_York"/>
    <property name="file.encoding" value="UTF-8"/>
    <property name="java.specification.version" value="14"/>
    <property name="user.name" value="dilhumarablet"/>
    <property name="java.class.path" value="/usr/local/Cellar/maven/3.6.3_1/libexec/boot/plexus-classworlds-2.6.0.jar"/>
    <property name="java.vm.specification.version" value="14"/>
    <property name="sun.arch.data.model" value="64"/>
    <property name="sun.java.command" value="org.codehaus.plexus.classworlds.launcher.Launcher clean test"/>
    <property name="java.home" value="/usr/local/Cellar/openjdk/14.0.1/libexec/openjdk.jdk/Contents/Home"/>
    <property name="user.language" value="en"/>
    <property name="java.specification.vendor" value="Oracle Corporation"/>
    <property name="java.vm.info" value="mixed mode, sharing"/>
    <property name="java.version" value="14.0.1"/>
    <property name="java.vendor" value="N/A"/>
    <property name="maven.home" value="/usr/local/Cellar/maven/3.6.3_1/libexec"/>
    <property name="file.separator" value="/"/>
    <property name="java.version.date" value="2020-04-14"/>
    <property name="java.vendor.url.bug" value="https://bugreport.java.com/bugreport/"/>
    <property name="sun.io.unicode.encoding" value="UnicodeBig"/>
    <property name="sun.cpu.endian" value="little"/>
    <property name="socksNonProxyHosts" value="local|*.local|169.254/16|*.169.254/16"/>
    <property name="ftp.nonProxyHosts" value="local|*.local|169.254/16|*.169.254/16"/>
  </properties>
  <testcase classname="Verify valid login from admin login page" name="I am on admin login page" time="0.036"/>
  <testcase classname="Verify valid login from admin login page" name="I enter admin@yourstore.com into username field on the login page" time="0.14"/>
  <testcase classname="Verify valid login from admin login page" name="I enter admin into password field on the login page" time="0.104"/>
  <testcase classname="Verify valid login from admin login page" name="I click on login button on login page" time="2.778"/>
  <testcase classname="Verify valid login from admin login page" name="I verify valid login message on sign in page" time="1.334"/>
  <testcase classname="Verify valid login from admin login page" name="Verify valid login from admin login page" time="1.439"/>
  <testcase classname="Verify invalid login for multiple users #1" name="I am on admin panel page" time="0.027"/>
  <testcase classname="Verify invalid login for multiple users #1" name="I enter bob@gmail.com into username text fields on admin login page" time="0.123"/>
  <testcase classname="Verify invalid login for multiple users #1" name="I enter test123 into password text fields on admin login page" time="0.11"/>
  <testcase classname="Verify invalid login for multiple users #1" name="I click on login button on admin login page" time="0.747"/>
  <testcase classname="Verify invalid login for multiple users #1" name="I verify that I used invalid credentials" time="0.023"/>
  <testcase classname="Verify invalid login for multiple users #1" name="Verify invalid login for multiple users #1" time="0.105"/>
  <testcase classname="Verify invalid login for multiple users #2" name="I am on admin panel page" time="0.024"/>
  <testcase classname="Verify invalid login for multiple users #2" name="I enter jim@gmail.com into username text fields on admin login page" time="0.116"/>
  <testcase classname="Verify invalid login for multiple users #2" name="I enter test456 into password text fields on admin login page" time="0.094"/>
  <testcase classname="Verify invalid login for multiple users #2" name="I click on login button on admin login page" time="0.649"/>
  <testcase classname="Verify invalid login for multiple users #2" name="I verify that I used invalid credentials" time="0.026"/>
  <testcase classname="Verify invalid login for multiple users #2" name="Verify invalid login for multiple users #2" time="0.108"/>
  <testcase classname="Verify invalid login for multiple users #3" name="I am on admin panel page" time="0.03"/>
  <testcase classname="Verify invalid login for multiple users #3" name="I enter liz@gmail.com into username text fields on admin login page" time="0.119"/>
  <testcase classname="Verify invalid login for multiple users #3" name="I enter 123Test into password text fields on admin login page" time="0.096"/>
  <testcase classname="Verify invalid login for multiple users #3" name="I click on login button on admin login page" time="0.298"/>
  <testcase classname="Verify invalid login for multiple users #3" name="I verify that I used invalid credentials" time="0.022"/>
  <testcase classname="Verify invalid login for multiple users #3" name="Verify invalid login for multiple users #3" time="0.104"/>
</testsuite>